<?xml version="1.0" encoding="UTF-8"?>
<testsuite xmlns:xsi="http://www.w3.org/2001/XMLSchema-instance" xsi:noNamespaceSchemaLocation="https://maven.apache.org/surefire/maven-surefire-plugin/xsd/surefire-test-report-3.0.xsd" version="3.0" name="dev.tests.AddCustomerTest" time="14.488" tests="1" errors="0" skipped="0" failures="1">
  <properties>
    <property name="java.specification.version" value="17"/>
    <property name="webdriver.chrome.driver" value="D:\selenium\chromedriver-win64\chromedriver.exe"/>
    <property name="sun.cpu.isalist" value="amd64"/>
    <property name="sun.jnu.encoding" value="Cp1252"/>
    <property name="java.class.path" value="D:\selenium\Testing\sdbselenium\target\test-classes;D:\selenium\Testing\sdbselenium\target\classes;C:\Users\a-sudhakaran.p\.m2\repository\org\seleniumhq\selenium\selenium-java\4.22.0\selenium-java-4.22.0.jar;C:\Users\a-sudhakaran.p\.m2\repository\org\seleniumhq\selenium\selenium-api\4.22.0\selenium-api-4.22.0.jar;C:\Users\a-sudhakaran.p\.m2\repository\org\seleniumhq\selenium\selenium-devtools-v124\4.22.0\selenium-devtools-v124-4.22.0.jar;C:\Users\a-sudhakaran.p\.m2\repository\org\seleniumhq\selenium\selenium-devtools-v125\4.22.0\selenium-devtools-v125-4.22.0.jar;C:\Users\a-sudhakaran.p\.m2\repository\org\seleniumhq\selenium\selenium-devtools-v126\4.22.0\selenium-devtools-v126-4.22.0.jar;C:\Users\a-sudhakaran.p\.m2\repository\org\seleniumhq\selenium\selenium-devtools-v85\4.22.0\selenium-devtools-v85-4.22.0.jar;C:\Users\a-sudhakaran.p\.m2\repository\org\seleniumhq\selenium\selenium-edge-driver\4.22.0\selenium-edge-driver-4.22.0.jar;C:\Users\a-sudhakaran.p\.m2\repository\org\seleniumhq\selenium\selenium-firefox-driver\4.22.0\selenium-firefox-driver-4.22.0.jar;C:\Users\a-sudhakaran.p\.m2\repository\org\seleniumhq\selenium\selenium-ie-driver\4.22.0\selenium-ie-driver-4.22.0.jar;C:\Users\a-sudhakaran.p\.m2\repository\org\seleniumhq\selenium\selenium-safari-driver\4.22.0\selenium-safari-driver-4.22.0.jar;C:\Users\a-sudhakaran.p\.m2\repository\org\seleniumhq\selenium\selenium-support\4.22.0\selenium-support-4.22.0.jar;C:\Users\a-sudhakaran.p\.m2\repository\org\testng\testng\7.8.0\testng-7.8.0.jar;C:\Users\a-sudhakaran.p\.m2\repository\com\beust\jcommander\1.82\jcommander-1.82.jar;C:\Users\a-sudhakaran.p\.m2\repository\org\webjars\jquery\3.6.1\jquery-3.6.1.jar;C:\Users\a-sudhakaran.p\.m2\repository\org\seleniumhq\selenium\selenium-chrome-driver\4.23.1\selenium-chrome-driver-4.23.1.jar;C:\Users\a-sudhakaran.p\.m2\repository\com\google\auto\service\auto-service-annotations\1.1.1\auto-service-annotations-1.1.1.jar;C:\Users\a-sudhakaran.p\.m2\repository\org\seleniumhq\selenium\selenium-chromium-driver\4.23.1\selenium-chromium-driver-4.23.1.jar;C:\Users\a-sudhakaran.p\.m2\repository\org\seleniumhq\selenium\selenium-json\4.23.1\selenium-json-4.23.1.jar;C:\Users\a-sudhakaran.p\.m2\repository\org\seleniumhq\selenium\selenium-manager\4.23.1\selenium-manager-4.23.1.jar;C:\Users\a-sudhakaran.p\.m2\repository\org\seleniumhq\selenium\selenium-remote-driver\4.23.1\selenium-remote-driver-4.23.1.jar;C:\Users\a-sudhakaran.p\.m2\repository\com\google\guava\guava\33.2.1-jre\guava-33.2.1-jre.jar;C:\Users\a-sudhakaran.p\.m2\repository\com\google\guava\failureaccess\1.0.2\failureaccess-1.0.2.jar;C:\Users\a-sudhakaran.p\.m2\repository\com\google\guava\listenablefuture\9999.0-empty-to-avoid-conflict-with-guava\listenablefuture-9999.0-empty-to-avoid-conflict-with-guava.jar;C:\Users\a-sudhakaran.p\.m2\repository\com\google\code\findbugs\jsr305\3.0.2\jsr305-3.0.2.jar;C:\Users\a-sudhakaran.p\.m2\repository\org\checkerframework\checker-qual\3.42.0\checker-qual-3.42.0.jar;C:\Users\a-sudhakaran.p\.m2\repository\com\google\errorprone\error_prone_annotations\2.26.1\error_prone_annotations-2.26.1.jar;C:\Users\a-sudhakaran.p\.m2\repository\com\google\j2objc\j2objc-annotations\3.0.0\j2objc-annotations-3.0.0.jar;C:\Users\a-sudhakaran.p\.m2\repository\io\opentelemetry\semconv\opentelemetry-semconv\1.25.0-alpha\opentelemetry-semconv-1.25.0-alpha.jar;C:\Users\a-sudhakaran.p\.m2\repository\io\opentelemetry\opentelemetry-api\1.40.0\opentelemetry-api-1.40.0.jar;C:\Users\a-sudhakaran.p\.m2\repository\io\opentelemetry\opentelemetry-context\1.40.0\opentelemetry-context-1.40.0.jar;C:\Users\a-sudhakaran.p\.m2\repository\io\opentelemetry\opentelemetry-exporter-logging\1.40.0\opentelemetry-exporter-logging-1.40.0.jar;C:\Users\a-sudhakaran.p\.m2\repository\io\opentelemetry\opentelemetry-sdk-common\1.40.0\opentelemetry-sdk-common-1.40.0.jar;C:\Users\a-sudhakaran.p\.m2\repository\io\opentelemetry\opentelemetry-sdk-extension-autoconfigure-spi\1.40.0\opentelemetry-sdk-extension-autoconfigure-spi-1.40.0.jar;C:\Users\a-sudhakaran.p\.m2\repository\io\opentelemetry\opentelemetry-sdk-extension-autoconfigure\1.40.0\opentelemetry-sdk-extension-autoconfigure-1.40.0.jar;C:\Users\a-sudhakaran.p\.m2\repository\io\opentelemetry\opentelemetry-api-incubator\1.40.0-alpha\opentelemetry-api-incubator-1.40.0-alpha.jar;C:\Users\a-sudhakaran.p\.m2\repository\io\opentelemetry\opentelemetry-sdk-trace\1.40.0\opentelemetry-sdk-trace-1.40.0.jar;C:\Users\a-sudhakaran.p\.m2\repository\io\opentelemetry\opentelemetry-sdk\1.40.0\opentelemetry-sdk-1.40.0.jar;C:\Users\a-sudhakaran.p\.m2\repository\io\opentelemetry\opentelemetry-sdk-metrics\1.40.0\opentelemetry-sdk-metrics-1.40.0.jar;C:\Users\a-sudhakaran.p\.m2\repository\io\opentelemetry\opentelemetry-sdk-logs\1.40.0\opentelemetry-sdk-logs-1.40.0.jar;C:\Users\a-sudhakaran.p\.m2\repository\net\bytebuddy\byte-buddy\1.14.18\byte-buddy-1.14.18.jar;C:\Users\a-sudhakaran.p\.m2\repository\org\seleniumhq\selenium\selenium-http\4.23.1\selenium-http-4.23.1.jar;C:\Users\a-sudhakaran.p\.m2\repository\dev\failsafe\failsafe\3.3.2\failsafe-3.3.2.jar;C:\Users\a-sudhakaran.p\.m2\repository\org\seleniumhq\selenium\selenium-os\4.23.1\selenium-os-4.23.1.jar;C:\Users\a-sudhakaran.p\.m2\repository\org\apache\commons\commons-exec\1.4.0\commons-exec-1.4.0.jar;C:\Users\a-sudhakaran.p\.m2\repository\org\apache\poi\poi\5.2.3\poi-5.2.3.jar;C:\Users\a-sudhakaran.p\.m2\repository\commons-codec\commons-codec\1.15\commons-codec-1.15.jar;C:\Users\a-sudhakaran.p\.m2\repository\org\apache\commons\commons-collections4\4.4\commons-collections4-4.4.jar;C:\Users\a-sudhakaran.p\.m2\repository\org\apache\commons\commons-math3\3.6.1\commons-math3-3.6.1.jar;C:\Users\a-sudhakaran.p\.m2\repository\com\zaxxer\SparseBitSet\1.2\SparseBitSet-1.2.jar;C:\Users\a-sudhakaran.p\.m2\repository\org\apache\poi\poi-ooxml\5.2.3\poi-ooxml-5.2.3.jar;C:\Users\a-sudhakaran.p\.m2\repository\org\apache\poi\poi-ooxml-lite\5.2.3\poi-ooxml-lite-5.2.3.jar;C:\Users\a-sudhakaran.p\.m2\repository\org\apache\xmlbeans\xmlbeans\5.1.1\xmlbeans-5.1.1.jar;C:\Users\a-sudhakaran.p\.m2\repository\org\apache\commons\commons-compress\1.21\commons-compress-1.21.jar;C:\Users\a-sudhakaran.p\.m2\repository\com\github\virtuald\curvesapi\1.07\curvesapi-1.07.jar;C:\Users\a-sudhakaran.p\.m2\repository\commons-io\commons-io\2.11.0\commons-io-2.11.0.jar;C:\Users\a-sudhakaran.p\.m2\repository\org\slf4j\slf4j-api\2.0.0\slf4j-api-2.0.0.jar;C:\Users\a-sudhakaran.p\.m2\repository\org\apache\logging\log4j\log4j-core\2.20.0\log4j-core-2.20.0.jar;C:\Users\a-sudhakaran.p\.m2\repository\org\apache\logging\log4j\log4j-api\2.20.0\log4j-api-2.20.0.jar;"/>
    <property name="java.vm.vendor" value="Oracle Corporation"/>
    <property name="sun.arch.data.model" value="64"/>
    <property name="user.variant" value=""/>
    <property name="java.vendor.url" value="https://java.oracle.com/"/>
    <property name="user.timezone" value="Asia/Calcutta"/>
    <property name="os.name" value="Windows 10"/>
    <property name="java.vm.specification.version" value="17"/>
    <property name="sun.java.launcher" value="SUN_STANDARD"/>
    <property name="user.country" value="IN"/>
    <property name="sun.boot.library.path" value="C:\Program Files\Java\java17\jdk-17.0.11\bin"/>
    <property name="sun.java.command" value="C:\Users\a-sudhakaran.p\AppData\Local\Temp\surefire13213318282265169852\surefirebooter1045281890883296473.jar C:\Users\a-sudhakaran.p\AppData\Local\Temp\surefire13213318282265169852 2024-09-05T14-29-06_994-jvmRun1 surefire2240994637821691038tmp surefire_015403979344652480355tmp"/>
    <property name="jdk.debug" value="release"/>
    <property name="test" value="dev.tests.AddCustomerTest"/>
    <property name="surefire.test.class.path" value="D:\selenium\Testing\sdbselenium\target\test-classes;D:\selenium\Testing\sdbselenium\target\classes;C:\Users\a-sudhakaran.p\.m2\repository\org\seleniumhq\selenium\selenium-java\4.22.0\selenium-java-4.22.0.jar;C:\Users\a-sudhakaran.p\.m2\repository\org\seleniumhq\selenium\selenium-api\4.22.0\selenium-api-4.22.0.jar;C:\Users\a-sudhakaran.p\.m2\repository\org\seleniumhq\selenium\selenium-devtools-v124\4.22.0\selenium-devtools-v124-4.22.0.jar;C:\Users\a-sudhakaran.p\.m2\repository\org\seleniumhq\selenium\selenium-devtools-v125\4.22.0\selenium-devtools-v125-4.22.0.jar;C:\Users\a-sudhakaran.p\.m2\repository\org\seleniumhq\selenium\selenium-devtools-v126\4.22.0\selenium-devtools-v126-4.22.0.jar;C:\Users\a-sudhakaran.p\.m2\repository\org\seleniumhq\selenium\selenium-devtools-v85\4.22.0\selenium-devtools-v85-4.22.0.jar;C:\Users\a-sudhakaran.p\.m2\repository\org\seleniumhq\selenium\selenium-edge-driver\4.22.0\selenium-edge-driver-4.22.0.jar;C:\Users\a-sudhakaran.p\.m2\repository\org\seleniumhq\selenium\selenium-firefox-driver\4.22.0\selenium-firefox-driver-4.22.0.jar;C:\Users\a-sudhakaran.p\.m2\repository\org\seleniumhq\selenium\selenium-ie-driver\4.22.0\selenium-ie-driver-4.22.0.jar;C:\Users\a-sudhakaran.p\.m2\repository\org\seleniumhq\selenium\selenium-safari-driver\4.22.0\selenium-safari-driver-4.22.0.jar;C:\Users\a-sudhakaran.p\.m2\repository\org\seleniumhq\selenium\selenium-support\4.22.0\selenium-support-4.22.0.jar;C:\Users\a-sudhakaran.p\.m2\repository\org\testng\testng\7.8.0\testng-7.8.0.jar;C:\Users\a-sudhakaran.p\.m2\repository\com\beust\jcommander\1.82\jcommander-1.82.jar;C:\Users\a-sudhakaran.p\.m2\repository\org\webjars\jquery\3.6.1\jquery-3.6.1.jar;C:\Users\a-sudhakaran.p\.m2\repository\org\seleniumhq\selenium\selenium-chrome-driver\4.23.1\selenium-chrome-driver-4.23.1.jar;C:\Users\a-sudhakaran.p\.m2\repository\com\google\auto\service\auto-service-annotations\1.1.1\auto-service-annotations-1.1.1.jar;C:\Users\a-sudhakaran.p\.m2\repository\org\seleniumhq\selenium\selenium-chromium-driver\4.23.1\selenium-chromium-driver-4.23.1.jar;C:\Users\a-sudhakaran.p\.m2\repository\org\seleniumhq\selenium\selenium-json\4.23.1\selenium-json-4.23.1.jar;C:\Users\a-sudhakaran.p\.m2\repository\org\seleniumhq\selenium\selenium-manager\4.23.1\selenium-manager-4.23.1.jar;C:\Users\a-sudhakaran.p\.m2\repository\org\seleniumhq\selenium\selenium-remote-driver\4.23.1\selenium-remote-driver-4.23.1.jar;C:\Users\a-sudhakaran.p\.m2\repository\com\google\guava\guava\33.2.1-jre\guava-33.2.1-jre.jar;C:\Users\a-sudhakaran.p\.m2\repository\com\google\guava\failureaccess\1.0.2\failureaccess-1.0.2.jar;C:\Users\a-sudhakaran.p\.m2\repository\com\google\guava\listenablefuture\9999.0-empty-to-avoid-conflict-with-guava\listenablefuture-9999.0-empty-to-avoid-conflict-with-guava.jar;C:\Users\a-sudhakaran.p\.m2\repository\com\google\code\findbugs\jsr305\3.0.2\jsr305-3.0.2.jar;C:\Users\a-sudhakaran.p\.m2\repository\org\checkerframework\checker-qual\3.42.0\checker-qual-3.42.0.jar;C:\Users\a-sudhakaran.p\.m2\repository\com\google\errorprone\error_prone_annotations\2.26.1\error_prone_annotations-2.26.1.jar;C:\Users\a-sudhakaran.p\.m2\repository\com\google\j2objc\j2objc-annotations\3.0.0\j2objc-annotations-3.0.0.jar;C:\Users\a-sudhakaran.p\.m2\repository\io\opentelemetry\semconv\opentelemetry-semconv\1.25.0-alpha\opentelemetry-semconv-1.25.0-alpha.jar;C:\Users\a-sudhakaran.p\.m2\repository\io\opentelemetry\opentelemetry-api\1.40.0\opentelemetry-api-1.40.0.jar;C:\Users\a-sudhakaran.p\.m2\repository\io\opentelemetry\opentelemetry-context\1.40.0\opentelemetry-context-1.40.0.jar;C:\Users\a-sudhakaran.p\.m2\repository\io\opentelemetry\opentelemetry-exporter-logging\1.40.0\opentelemetry-exporter-logging-1.40.0.jar;C:\Users\a-sudhakaran.p\.m2\repository\io\opentelemetry\opentelemetry-sdk-common\1.40.0\opentelemetry-sdk-common-1.40.0.jar;C:\Users\a-sudhakaran.p\.m2\repository\io\opentelemetry\opentelemetry-sdk-extension-autoconfigure-spi\1.40.0\opentelemetry-sdk-extension-autoconfigure-spi-1.40.0.jar;C:\Users\a-sudhakaran.p\.m2\repository\io\opentelemetry\opentelemetry-sdk-extension-autoconfigure\1.40.0\opentelemetry-sdk-extension-autoconfigure-1.40.0.jar;C:\Users\a-sudhakaran.p\.m2\repository\io\opentelemetry\opentelemetry-api-incubator\1.40.0-alpha\opentelemetry-api-incubator-1.40.0-alpha.jar;C:\Users\a-sudhakaran.p\.m2\repository\io\opentelemetry\opentelemetry-sdk-trace\1.40.0\opentelemetry-sdk-trace-1.40.0.jar;C:\Users\a-sudhakaran.p\.m2\repository\io\opentelemetry\opentelemetry-sdk\1.40.0\opentelemetry-sdk-1.40.0.jar;C:\Users\a-sudhakaran.p\.m2\repository\io\opentelemetry\opentelemetry-sdk-metrics\1.40.0\opentelemetry-sdk-metrics-1.40.0.jar;C:\Users\a-sudhakaran.p\.m2\repository\io\opentelemetry\opentelemetry-sdk-logs\1.40.0\opentelemetry-sdk-logs-1.40.0.jar;C:\Users\a-sudhakaran.p\.m2\repository\net\bytebuddy\byte-buddy\1.14.18\byte-buddy-1.14.18.jar;C:\Users\a-sudhakaran.p\.m2\repository\org\seleniumhq\selenium\selenium-http\4.23.1\selenium-http-4.23.1.jar;C:\Users\a-sudhakaran.p\.m2\repository\dev\failsafe\failsafe\3.3.2\failsafe-3.3.2.jar;C:\Users\a-sudhakaran.p\.m2\repository\org\seleniumhq\selenium\selenium-os\4.23.1\selenium-os-4.23.1.jar;C:\Users\a-sudhakaran.p\.m2\repository\org\apache\commons\commons-exec\1.4.0\commons-exec-1.4.0.jar;C:\Users\a-sudhakaran.p\.m2\repository\org\apache\poi\poi\5.2.3\poi-5.2.3.jar;C:\Users\a-sudhakaran.p\.m2\repository\commons-codec\commons-codec\1.15\commons-codec-1.15.jar;C:\Users\a-sudhakaran.p\.m2\repository\org\apache\commons\commons-collections4\4.4\commons-collections4-4.4.jar;C:\Users\a-sudhakaran.p\.m2\repository\org\apache\commons\commons-math3\3.6.1\commons-math3-3.6.1.jar;C:\Users\a-sudhakaran.p\.m2\repository\com\zaxxer\SparseBitSet\1.2\SparseBitSet-1.2.jar;C:\Users\a-sudhakaran.p\.m2\repository\org\apache\poi\poi-ooxml\5.2.3\poi-ooxml-5.2.3.jar;C:\Users\a-sudhakaran.p\.m2\repository\org\apache\poi\poi-ooxml-lite\5.2.3\poi-ooxml-lite-5.2.3.jar;C:\Users\a-sudhakaran.p\.m2\repository\org\apache\xmlbeans\xmlbeans\5.1.1\xmlbeans-5.1.1.jar;C:\Users\a-sudhakaran.p\.m2\repository\org\apache\commons\commons-compress\1.21\commons-compress-1.21.jar;C:\Users\a-sudhakaran.p\.m2\repository\com\github\virtuald\curvesapi\1.07\curvesapi-1.07.jar;C:\Users\a-sudhakaran.p\.m2\repository\commons-io\commons-io\2.11.0\commons-io-2.11.0.jar;C:\Users\a-sudhakaran.p\.m2\repository\org\slf4j\slf4j-api\2.0.0\slf4j-api-2.0.0.jar;C:\Users\a-sudhakaran.p\.m2\repository\org\apache\logging\log4j\log4j-core\2.20.0\log4j-core-2.20.0.jar;C:\Users\a-sudhakaran.p\.m2\repository\org\apache\logging\log4j\log4j-api\2.20.0\log4j-api-2.20.0.jar;"/>
    <property name="sun.cpu.endian" value="little"/>
    <property name="user.home" value="C:\Users\a-sudhakaran.p"/>
    <property name="user.language" value="en"/>
    <property name="java.specification.vendor" value="Oracle Corporation"/>
    <property name="java.version.date" value="2024-04-16"/>
    <property name="java.home" value="C:\Program Files\Java\java17\jdk-17.0.11"/>
    <property name="file.separator" value="\"/>
    <property name="basedir" value="D:\selenium\Testing\sdbselenium"/>
    <property name="java.vm.compressedOopsMode" value="Zero based"/>
    <property name="line.separator" value="&#10;"/>
    <property name="java.vm.specification.vendor" value="Oracle Corporation"/>
    <property name="java.specification.name" value="Java Platform API Specification"/>
    <property name="surefire.real.class.path" value="C:\Users\a-sudhakaran.p\AppData\Local\Temp\surefire13213318282265169852\surefirebooter1045281890883296473.jar"/>
    <property name="user.script" value=""/>
    <property name="sun.management.compiler" value="HotSpot 64-Bit Tiered Compilers"/>
    <property name="java.runtime.version" value="17.0.11+7-LTS-207"/>
    <property name="user.name" value="a-sudhakaran.p"/>
    <property name="path.separator" value=";"/>
    <property name="os.version" value="10.0"/>
    <property name="java.runtime.name" value="Java(TM) SE Runtime Environment"/>
    <property name="file.encoding" value="Cp1252"/>
    <property name="java.vm.name" value="Java HotSpot(TM) 64-Bit Server VM"/>
    <property name="localRepository" value="C:\Users\a-sudhakaran.p\.m2\repository"/>
    <property name="java.vendor.url.bug" value="https://bugreport.java.com/bugreport/"/>
    <property name="java.io.tmpdir" value="C:\Users\A-SUDH~1.P\AppData\Local\Temp\"/>
    <property name="java.version" value="17.0.11"/>
    <property name="user.dir" value="D:\selenium\Testing\sdbselenium"/>
    <property name="os.arch" value="amd64"/>
    <property name="java.vm.specification.name" value="Java Virtual Machine Specification"/>
    <property name="sun.os.patch.level" value=""/>
    <property name="native.encoding" value="Cp1252"/>
    <property name="java.library.path" value="C:\Program Files\Java\java17\jdk-17.0.11\bin;C:\Windows\Sun\Java\bin;C:\Windows\system32;C:\Windows;C:\Program Files (x86)\Microsoft SDKs\Azure\CLI2\wbin;C:\Windows\system32;C:\Windows;C:\Windows\System32\Wbem;C:\Windows\System32\WindowsPowerShell\v1.0\;C:\Windows\System32\OpenSSH\;C:\Program Files (x86)\Microsoft SQL Server\160\DTS\Binn\;C:\Program Files\Azure Data Studio\bin;C:\Program Files\TortoiseSVN\bin;D:\Software\helm-v3.12.2-windows-amd64\windows-amd64;D:\Software\.kube;C:\Program Files\nodejs\;C:\Program Files\Amazon\AWSCLIV2\;D:\eksctl;C:\Program Files\Microsoft SQL Server\Client SDK\ODBC\170\KeyFile\1033;C:\Program Files\PostgreSQL\16\bin;D:\keycloak-23.0.3\keycloak-23.0.3\bin;C:\Program Files\OpenSSL-Win64\bin;C:\Program Files\Maven\apache-maven-3.8.6\bin;C:\Terraform\terraform_1.7.5_windows_386\;C:\Program Files\Docker\Docker\resources\bin;C:\Windows\System32;C:\Program Files\Java\java17\jdk-17.0.11\bin;D:\Upload_HLASM\TOMCAT\Certbot\bin;D:\Tomcat\Apache Software Foundation\apache-tomcat-10.1.28\bin;D:\selenium\screenshot\ffmpeg-2024-08-21-git-9d15fe77e3-essentials_build\bin;D:\selenium\k6\;C:\Windows\system32\config\systemprofile\AppData\Local\Microsoft\WindowsApps;C:\Users\a-sudhakaran.p\AppData\Local\Programs\Microsoft VS Code\bin;C:\Users\a-sudhakaran.p\AppData\Roaming\npm;C:\Users\a-sudhakaran.p\AppData\Local\Programs\Git\cmd;C:\Users\a-sudhakaran.p\AppData\Local\Programs\Lens\resources\cli\bin;C:\Users\a-sudhakaran.p\go\bin;."/>
    <property name="java.vm.info" value="mixed mode, sharing"/>
    <property name="java.vendor" value="Oracle Corporation"/>
    <property name="java.vm.version" value="17.0.11+7-LTS-207"/>
    <property name="sun.io.unicode.encoding" value="UnicodeLittle"/>
    <property name="java.class.version" value="61.0"/>
  </properties>
  <testcase name="testAddNewCustomer" classname="dev.tests.AddCustomerTest" time="9.366">
    <failure message="element click intercepted: Element &lt;input aria-invalid=&quot;false&quot; autocomplete=&quot;off&quot; id=&quot;:r1s:&quot; readonly=&quot;&quot; required=&quot;&quot; type=&quot;text&quot; aria-readonly=&quot;true&quot; aria-label=&quot;Choose date&quot; class=&quot;MuiInputBase-input MuiOutlinedInput-input MuiInputBase-inputSizeSmall Mui-readOnly MuiInputBase-readOnly css-1n4twyu-MuiInputBase-input-MuiOutlinedInput-input&quot; value=&quot;&quot;&gt; is not clickable at point (809, 270). Other element would receive the click: &lt;div role=&quot;row&quot; class=&quot;MuiDayPicker-weekContainer css-ghi3gg-MuiDayPicker-weekContainer&quot;&gt;...&lt;/div&gt;&#10;  (Session info: chrome=128.0.6613.120)&#10;Build info: version: &apos;4.22.0&apos;, revision: &apos;c5f3146703*&apos;&#10;System info: os.name: &apos;Windows 10&apos;, os.arch: &apos;amd64&apos;, os.version: &apos;10.0&apos;, java.version: &apos;17.0.11&apos;&#10;Driver info: org.openqa.selenium.chrome.ChromeDriver&#10;Command: [9695f9fee92d57925a2567b441a2c677, clickElement {id=f.501C80E5C9E15A75314E84424A6DCF60.d.64B62DCFDD654DBEFC96D918E367822D.e.41}]&#10;Capabilities {acceptInsecureCerts: false, browserName: chrome, browserVersion: 128.0.6613.120, chrome: {chromedriverVersion: 127.0.6533.72 (9755e24ca85a..., userDataDir: C:\Users\A-SUDH~1.P\AppData...}, fedcm:accounts: true, goog:chromeOptions: {debuggerAddress: localhost:62559}, networkConnectionEnabled: false, pageLoadStrategy: normal, platformName: windows, proxy: Proxy(), se:cdp: ws://localhost:62559/devtoo..., se:cdpVersion: 128.0.6613.120, setWindowRect: true, strictFileInteractability: false, timeouts: {implicit: 0, pageLoad: 300000, script: 30000}, unhandledPromptBehavior: dismiss and notify, webauthn:extension:credBlob: true, webauthn:extension:largeBlob: true, webauthn:extension:minPinLength: true, webauthn:extension:prf: true, webauthn:virtualAuthenticators: true}&#10;Element: [[ChromeDriver: chrome on windows (9695f9fee92d57925a2567b441a2c677)] -&gt; xpath: //div[@class=&apos;MuiFormControl-root MuiFormControl-fullWidth MuiTextField-root css-wb57ya-MuiFormControl-root-MuiTextField-root&apos;][1]//input[@aria-label=&apos;Choose date&apos;]]&#10;Session ID: 9695f9fee92d57925a2567b441a2c677" type="org.openqa.selenium.ElementClickInterceptedException"><![CDATA[org.openqa.selenium.ElementClickInterceptedException: 
element click intercepted: Element <input aria-invalid="false" autocomplete="off" id=":r1s:" readonly="" required="" type="text" aria-readonly="true" aria-label="Choose date" class="MuiInputBase-input MuiOutlinedInput-input MuiInputBase-inputSizeSmall Mui-readOnly MuiInputBase-readOnly css-1n4twyu-MuiInputBase-input-MuiOutlinedInput-input" value=""> is not clickable at point (809, 270). Other element would receive the click: <div role="row" class="MuiDayPicker-weekContainer css-ghi3gg-MuiDayPicker-weekContainer">...</div>
  (Session info: chrome=128.0.6613.120)
Build info: version: '4.22.0', revision: 'c5f3146703*'
System info: os.name: 'Windows 10', os.arch: 'amd64', os.version: '10.0', java.version: '17.0.11'
Driver info: org.openqa.selenium.chrome.ChromeDriver
Command: [9695f9fee92d57925a2567b441a2c677, clickElement {id=f.501C80E5C9E15A75314E84424A6DCF60.d.64B62DCFDD654DBEFC96D918E367822D.e.41}]
Capabilities {acceptInsecureCerts: false, browserName: chrome, browserVersion: 128.0.6613.120, chrome: {chromedriverVersion: 127.0.6533.72 (9755e24ca85a..., userDataDir: C:\Users\A-SUDH~1.P\AppData...}, fedcm:accounts: true, goog:chromeOptions: {debuggerAddress: localhost:62559}, networkConnectionEnabled: false, pageLoadStrategy: normal, platformName: windows, proxy: Proxy(), se:cdp: ws://localhost:62559/devtoo..., se:cdpVersion: 128.0.6613.120, setWindowRect: true, strictFileInteractability: false, timeouts: {implicit: 0, pageLoad: 300000, script: 30000}, unhandledPromptBehavior: dismiss and notify, webauthn:extension:credBlob: true, webauthn:extension:largeBlob: true, webauthn:extension:minPinLength: true, webauthn:extension:prf: true, webauthn:virtualAuthenticators: true}
Element: [[ChromeDriver: chrome on windows (9695f9fee92d57925a2567b441a2c677)] -> xpath: //div[@class='MuiFormControl-root MuiFormControl-fullWidth MuiTextField-root css-wb57ya-MuiFormControl-root-MuiTextField-root'][1]//input[@aria-label='Choose date']]
Session ID: 9695f9fee92d57925a2567b441a2c677
	at dev.tests.AddCustomerTest.testAddNewCustomer(AddCustomerTest.java:51)
]]></failure>
    <system-out><![CDATA[Login successfully
Clicking Customer button...
Clicking New Customer button...
Clicking done button 1
Screenshot saved as: reports\screenshots\05-09-2024\fillCustomerForm_error.jpg
]]></system-out>
    <system-err><![CDATA[SLF4J: No SLF4J providers were found.
SLF4J: Defaulting to no-operation (NOP) logger implementation
SLF4J: See http://www.slf4j.org/codes.html#noProviders for further details.
Sep 05, 2024 2:29:08 PM org.openqa.selenium.devtools.CdpVersionFinder findNearestMatch
WARNING: Unable to find an exact match for CDP version 128, returning the closest version; found: 126; Please update to a Selenium version that supports CDP version 128
]]></system-err>
  </testcase>
</testsuite>