<?xml version="1.0" encoding="UTF-8"?>
<!-- Generated by org.testng.reporters.JUnitReportReporter -->
<testsuite hostname="ATSUDHAKARAN" failures="0" tests="1" name="dev.tests.NewBoxCreationTest" time="6.459" errors="0" timestamp="2024-08-29T17:21:00 IST" skipped="0">
  <testcase classname="dev.tests.NewBoxCreationTest" name="testNewBoxCreationApprove" time="6.459"/>
</testsuite> <!-- dev.tests.NewBoxCreationTest -->
