<?xml version="1.0" encoding="UTF-8"?>
<!-- Generated by org.testng.reporters.JUnitReportReporter -->
<testsuite hostname="ATSUDHAKARAN" failures="0" tests="1" name="dev.tests.UserCreationApproveTestclass" time="19.640" errors="0" timestamp="2024-08-29T20:26:46 IST" skipped="0">
  <testcase classname="dev.tests.UserCreationApproveTestclass" name="testLoginAsMaster" time="19.640"/>
</testsuite> <!-- dev.tests.UserCreationApproveTestclass -->
