<?xml version="1.0" encoding="UTF-8"?>
<!-- Generated by org.testng.reporters.JUnitReportReporter -->
<testsuite hostname="ATSUDHAKARAN" failures="0" tests="1" name="dev.tests.NewBoxCreationTest" time="13.129" errors="0" timestamp="2024-09-10T16:40:27 IST" skipped="0">
  <testcase classname="dev.tests.NewBoxCreationTest" name="testNewBoxCreationApprove" time="13.129"/>
</testsuite> <!-- dev.tests.NewBoxCreationTest -->
