<?xml version="1.0" encoding="UTF-8"?>
<!-- Generated by org.testng.reporters.JUnitReportReporter -->
<testsuite hostname="ATSUDHAKARAN" failures="0" tests="1" name="dev.tests.NewBoxCreationTest" time="10.495" errors="0" timestamp="2024-09-10T15:01:23 IST" skipped="0">
  <testcase classname="dev.tests.NewBoxCreationTest" name="testNewBoxCreationApprove" time="10.495"/>
</testsuite> <!-- dev.tests.NewBoxCreationTest -->
